[2024-11-26 13:17:16.635] [jointLog] [info] setting maxHashResizeThreads to 16
[2024-11-26 13:17:16.635] [jointLog] [info] Fragment incompatibility prior below threshold.  Incompatible fragments will be ignored.
[2024-11-26 13:17:16.635] [jointLog] [info] Usage of --validateMappings implies use of minScoreFraction. Since not explicitly specified, it is being set to 0.65
[2024-11-26 13:17:16.635] [jointLog] [info] Setting consensusSlack to selective-alignment default of 0.35.
[2024-11-26 13:17:16.635] [jointLog] [info] parsing read library format
[2024-11-26 13:17:16.635] [jointLog] [info] There is 1 library.
[2024-11-26 13:17:16.635] [jointLog] [info] Loading pufferfish index
[2024-11-26 13:17:16.635] [jointLog] [info] Loading dense pufferfish index.
[2024-11-26 13:17:17.240] [jointLog] [info] done
[2024-11-26 13:17:17.314] [jointLog] [info] Index contained 115,424 targets
[2024-11-26 13:17:17.340] [jointLog] [info] Number of decoys : 0
[2024-11-26 13:17:17.685] [jointLog] [info] Automatically detected most likely library type as IU

[2024-11-26 13:18:28.348] [jointLog] [info] Computed 670,213 rich equivalence classes for further processing
[2024-11-26 13:18:28.348] [jointLog] [info] Counted 19,333,317 total reads in the equivalence classes 
[2024-11-26 13:18:28.362] [jointLog] [info] Number of mappings discarded because of alignment score : 8,883,832
[2024-11-26 13:18:28.362] [jointLog] [info] Number of fragments entirely discarded because of alignment score : 1,591,502
[2024-11-26 13:18:28.362] [jointLog] [info] Number of fragments discarded because they are best-mapped to decoys : 0
[2024-11-26 13:18:28.362] [jointLog] [info] Number of fragments discarded because they have only dovetail (discordant) mappings to valid targets : 87,023
[2024-11-26 13:18:28.362] [jointLog] [info] Mapping rate = 90.4473%

[2024-11-26 13:18:28.362] [jointLog] [info] finished quantifyLibrary()
[2024-11-26 13:18:28.362] [jointLog] [info] Starting optimizer
[2024-11-26 13:18:28.451] [jointLog] [info] Marked 0 weighted equivalence classes as degenerate
[2024-11-26 13:18:28.466] [jointLog] [info] iteration = 0 | max rel diff. = 10215.4
[2024-11-26 13:18:28.348] [fileLog] [info] 
At end of round 0
==================
Observed 21375230 total fragments (21375230 in most recent round)

[2024-11-26 13:18:29.928] [jointLog] [info] iteration = 100 | max rel diff. = 6.65703
[2024-11-26 13:18:31.390] [jointLog] [info] iteration = 200 | max rel diff. = 11.6184
[2024-11-26 13:18:32.851] [jointLog] [info] iteration = 300 | max rel diff. = 16.7251
[2024-11-26 13:18:34.312] [jointLog] [info] iteration = 400 | max rel diff. = 0.116264
[2024-11-26 13:18:35.774] [jointLog] [info] iteration = 500 | max rel diff. = 0.199002
[2024-11-26 13:18:37.235] [jointLog] [info] iteration = 600 | max rel diff. = 0.0438462
[2024-11-26 13:18:38.696] [jointLog] [info] iteration = 700 | max rel diff. = 0.251332
[2024-11-26 13:18:40.158] [jointLog] [info] iteration = 800 | max rel diff. = 0.0935387
[2024-11-26 13:18:41.621] [jointLog] [info] iteration = 900 | max rel diff. = 0.0197808
[2024-11-26 13:18:43.082] [jointLog] [info] iteration = 1,000 | max rel diff. = 0.0325188
[2024-11-26 13:18:44.544] [jointLog] [info] iteration = 1,100 | max rel diff. = 0.0877491
[2024-11-26 13:18:46.005] [jointLog] [info] iteration = 1,200 | max rel diff. = 1.5521
[2024-11-26 13:18:46.034] [jointLog] [info] iteration = 1,203 | max rel diff. = 0.00312115
[2024-11-26 13:18:46.040] [jointLog] [info] Finished optimizer
[2024-11-26 13:18:46.040] [jointLog] [info] writing output 

[2024-11-26 13:18:46.179] [jointLog] [warning] NOTE: Read Lib [[ reads/processed/A_4_1.qcd.fq.gz, reads/processed/A_4_2.qcd.fq.gz]] :

Detected a *potential* strand bias > 1% in an unstranded protocol check the file: quants/A_4_quant/lib_format_counts.json for details

