[2024-11-26 13:18:47.012] [jointLog] [info] setting maxHashResizeThreads to 16
[2024-11-26 13:18:47.012] [jointLog] [info] Fragment incompatibility prior below threshold.  Incompatible fragments will be ignored.
[2024-11-26 13:18:47.012] [jointLog] [info] Usage of --validateMappings implies use of minScoreFraction. Since not explicitly specified, it is being set to 0.65
[2024-11-26 13:18:47.012] [jointLog] [info] Setting consensusSlack to selective-alignment default of 0.35.
[2024-11-26 13:18:47.012] [jointLog] [info] parsing read library format
[2024-11-26 13:18:47.012] [jointLog] [info] There is 1 library.
[2024-11-26 13:18:47.012] [jointLog] [info] Loading pufferfish index
[2024-11-26 13:18:47.012] [jointLog] [info] Loading dense pufferfish index.
[2024-11-26 13:18:47.618] [jointLog] [info] done
[2024-11-26 13:18:47.691] [jointLog] [info] Index contained 115,424 targets
[2024-11-26 13:18:47.718] [jointLog] [info] Number of decoys : 0
[2024-11-26 13:18:48.067] [jointLog] [info] Automatically detected most likely library type as IU

[2024-11-26 13:19:57.402] [jointLog] [info] Computed 641,071 rich equivalence classes for further processing
[2024-11-26 13:19:57.402] [jointLog] [info] Counted 18,643,506 total reads in the equivalence classes 
[2024-11-26 13:19:57.416] [jointLog] [info] Number of mappings discarded because of alignment score : 8,777,528
[2024-11-26 13:19:57.416] [jointLog] [info] Number of fragments entirely discarded because of alignment score : 1,519,256
[2024-11-26 13:19:57.416] [jointLog] [info] Number of fragments discarded because they are best-mapped to decoys : 0
[2024-11-26 13:19:57.416] [jointLog] [info] Number of fragments discarded because they have only dovetail (discordant) mappings to valid targets : 78,153
[2024-11-26 13:19:57.416] [jointLog] [info] Mapping rate = 90.1448%

[2024-11-26 13:19:57.416] [jointLog] [info] finished quantifyLibrary()
[2024-11-26 13:19:57.417] [jointLog] [info] Starting optimizer
[2024-11-26 13:19:57.505] [jointLog] [info] Marked 0 weighted equivalence classes as degenerate
[2024-11-26 13:19:57.519] [jointLog] [info] iteration = 0 | max rel diff. = 10047.7
[2024-11-26 13:19:57.402] [fileLog] [info] 
At end of round 0
==================
Observed 20681737 total fragments (20681737 in most recent round)

[2024-11-26 13:19:58.873] [jointLog] [info] iteration = 100 | max rel diff. = 14.8563
[2024-11-26 13:20:00.225] [jointLog] [info] iteration = 200 | max rel diff. = 11.8824
[2024-11-26 13:20:01.580] [jointLog] [info] iteration = 300 | max rel diff. = 1.10726
[2024-11-26 13:20:02.936] [jointLog] [info] iteration = 400 | max rel diff. = 0.504847
[2024-11-26 13:20:04.287] [jointLog] [info] iteration = 500 | max rel diff. = 0.27099
[2024-11-26 13:20:05.638] [jointLog] [info] iteration = 600 | max rel diff. = 0.385913
[2024-11-26 13:20:06.988] [jointLog] [info] iteration = 700 | max rel diff. = 0.218613
[2024-11-26 13:20:07.218] [jointLog] [info] iteration = 718 | max rel diff. = 0.00840412
[2024-11-26 13:20:07.224] [jointLog] [info] Finished optimizer
[2024-11-26 13:20:07.224] [jointLog] [info] writing output 

[2024-11-26 13:20:07.365] [jointLog] [warning] NOTE: Read Lib [[ reads/processed/A_5_1.qcd.fq.gz, reads/processed/A_5_2.qcd.fq.gz]] :

Detected a *potential* strand bias > 1% in an unstranded protocol check the file: quants/A_5_quant/lib_format_counts.json for details

