[2024-11-26 13:39:07.984] [jointLog] [info] setting maxHashResizeThreads to 16
[2024-11-26 13:39:07.984] [jointLog] [info] Fragment incompatibility prior below threshold.  Incompatible fragments will be ignored.
[2024-11-26 13:39:07.984] [jointLog] [info] Usage of --validateMappings implies use of minScoreFraction. Since not explicitly specified, it is being set to 0.65
[2024-11-26 13:39:07.984] [jointLog] [info] Setting consensusSlack to selective-alignment default of 0.35.
[2024-11-26 13:39:07.984] [jointLog] [info] parsing read library format
[2024-11-26 13:39:07.984] [jointLog] [info] There is 1 library.
[2024-11-26 13:39:07.984] [jointLog] [info] Loading pufferfish index
[2024-11-26 13:39:07.984] [jointLog] [info] Loading dense pufferfish index.
[2024-11-26 13:39:08.590] [jointLog] [info] done
[2024-11-26 13:39:08.663] [jointLog] [info] Index contained 115,424 targets
[2024-11-26 13:39:08.689] [jointLog] [info] Number of decoys : 0
[2024-11-26 13:39:09.040] [jointLog] [info] Automatically detected most likely library type as IU

[2024-11-26 13:40:23.068] [jointLog] [info] Computed 545,768 rich equivalence classes for further processing
[2024-11-26 13:40:23.068] [jointLog] [info] Counted 19,345,530 total reads in the equivalence classes 
[2024-11-26 13:40:23.084] [jointLog] [info] Number of mappings discarded because of alignment score : 8,878,582
[2024-11-26 13:40:23.084] [jointLog] [info] Number of fragments entirely discarded because of alignment score : 1,563,005
[2024-11-26 13:40:23.084] [jointLog] [info] Number of fragments discarded because they are best-mapped to decoys : 0
[2024-11-26 13:40:23.084] [jointLog] [info] Number of fragments discarded because they have only dovetail (discordant) mappings to valid targets : 87,726
[2024-11-26 13:40:23.084] [jointLog] [info] Mapping rate = 89.858%

[2024-11-26 13:40:23.084] [jointLog] [info] finished quantifyLibrary()
[2024-11-26 13:40:23.085] [jointLog] [info] Starting optimizer
[2024-11-26 13:40:23.165] [jointLog] [info] Marked 0 weighted equivalence classes as degenerate
[2024-11-26 13:40:23.068] [fileLog] [info] 
At end of round 0
==================
Observed 21529004 total fragments (21529004 in most recent round)

[2024-11-26 13:40:23.177] [jointLog] [info] iteration = 0 | max rel diff. = 10271.9
[2024-11-26 13:40:24.339] [jointLog] [info] iteration = 100 | max rel diff. = 17.3247
[2024-11-26 13:40:25.493] [jointLog] [info] iteration = 200 | max rel diff. = 2.74864
[2024-11-26 13:40:26.649] [jointLog] [info] iteration = 300 | max rel diff. = 4.76661
[2024-11-26 13:40:27.802] [jointLog] [info] iteration = 400 | max rel diff. = 0.350637
[2024-11-26 13:40:28.956] [jointLog] [info] iteration = 500 | max rel diff. = 2.60412
[2024-11-26 13:40:30.110] [jointLog] [info] iteration = 600 | max rel diff. = 0.0376424
[2024-11-26 13:40:31.264] [jointLog] [info] iteration = 700 | max rel diff. = 0.048195
[2024-11-26 13:40:32.417] [jointLog] [info] iteration = 800 | max rel diff. = 0.0889532
[2024-11-26 13:40:33.571] [jointLog] [info] iteration = 900 | max rel diff. = 0.125993
[2024-11-26 13:40:34.725] [jointLog] [info] iteration = 1,000 | max rel diff. = 0.100493
[2024-11-26 13:40:35.879] [jointLog] [info] iteration = 1,100 | max rel diff. = 0.439624
[2024-11-26 13:40:35.914] [jointLog] [info] iteration = 1,104 | max rel diff. = 0.00917524
[2024-11-26 13:40:35.920] [jointLog] [info] Finished optimizer
[2024-11-26 13:40:35.920] [jointLog] [info] writing output 

[2024-11-26 13:40:36.062] [jointLog] [warning] NOTE: Read Lib [[ reads/processed/B_6_1.qcd.fq.gz, reads/processed/B_6_2.qcd.fq.gz]] :

Detected a *potential* strand bias > 1% in an unstranded protocol check the file: quants/B_6_quant/lib_format_counts.json for details

