[2024-11-26 13:28:13.119] [jointLog] [info] setting maxHashResizeThreads to 16
[2024-11-26 13:28:13.119] [jointLog] [info] Fragment incompatibility prior below threshold.  Incompatible fragments will be ignored.
[2024-11-26 13:28:13.119] [jointLog] [info] Usage of --validateMappings implies use of minScoreFraction. Since not explicitly specified, it is being set to 0.65
[2024-11-26 13:28:13.119] [jointLog] [info] Setting consensusSlack to selective-alignment default of 0.35.
[2024-11-26 13:28:13.119] [jointLog] [info] parsing read library format
[2024-11-26 13:28:13.119] [jointLog] [info] There is 1 library.
[2024-11-26 13:28:13.119] [jointLog] [info] Loading pufferfish index
[2024-11-26 13:28:13.119] [jointLog] [info] Loading dense pufferfish index.
[2024-11-26 13:28:13.725] [jointLog] [info] done
[2024-11-26 13:28:13.798] [jointLog] [info] Index contained 115,424 targets
[2024-11-26 13:28:13.824] [jointLog] [info] Number of decoys : 0
[2024-11-26 13:28:14.167] [jointLog] [info] Automatically detected most likely library type as IU

[2024-11-26 13:29:24.034] [jointLog] [info] Computed 639,518 rich equivalence classes for further processing
[2024-11-26 13:29:24.034] [jointLog] [info] Counted 18,730,043 total reads in the equivalence classes 
[2024-11-26 13:29:24.050] [jointLog] [info] Number of mappings discarded because of alignment score : 9,398,247
[2024-11-26 13:29:24.050] [jointLog] [info] Number of fragments entirely discarded because of alignment score : 1,884,454
[2024-11-26 13:29:24.050] [jointLog] [info] Number of fragments discarded because they are best-mapped to decoys : 0
[2024-11-26 13:29:24.050] [jointLog] [info] Number of fragments discarded because they have only dovetail (discordant) mappings to valid targets : 84,918
[2024-11-26 13:29:24.050] [jointLog] [info] Mapping rate = 88.271%

[2024-11-26 13:29:24.050] [jointLog] [info] finished quantifyLibrary()
[2024-11-26 13:29:24.050] [jointLog] [info] Starting optimizer
[2024-11-26 13:29:24.139] [jointLog] [info] Marked 0 weighted equivalence classes as degenerate
[2024-11-26 13:29:24.153] [jointLog] [info] iteration = 0 | max rel diff. = 10105.2
[2024-11-26 13:29:24.035] [fileLog] [info] 
At end of round 0
==================
Observed 21218798 total fragments (21218798 in most recent round)

[2024-11-26 13:29:25.501] [jointLog] [info] iteration = 100 | max rel diff. = 4.73313
[2024-11-26 13:29:26.847] [jointLog] [info] iteration = 200 | max rel diff. = 17.7119
[2024-11-26 13:29:28.194] [jointLog] [info] iteration = 300 | max rel diff. = 13.2593
[2024-11-26 13:29:29.540] [jointLog] [info] iteration = 400 | max rel diff. = 3.00302
[2024-11-26 13:29:30.886] [jointLog] [info] iteration = 500 | max rel diff. = 7.06784
[2024-11-26 13:29:32.233] [jointLog] [info] iteration = 600 | max rel diff. = 0.282771
[2024-11-26 13:29:33.580] [jointLog] [info] iteration = 700 | max rel diff. = 0.545765
[2024-11-26 13:29:34.926] [jointLog] [info] iteration = 800 | max rel diff. = 0.18695
[2024-11-26 13:29:35.425] [jointLog] [info] iteration = 838 | max rel diff. = 0.00843725
[2024-11-26 13:29:35.431] [jointLog] [info] Finished optimizer
[2024-11-26 13:29:35.431] [jointLog] [info] writing output 

[2024-11-26 13:29:35.570] [jointLog] [warning] NOTE: Read Lib [[ reads/processed/B_11_1.qcd.fq.gz, reads/processed/B_11_2.qcd.fq.gz]] :

Detected a *potential* strand bias > 1% in an unstranded protocol check the file: quants/B_11_quant/lib_format_counts.json for details

