[2024-11-26 13:25:19.241] [jointLog] [info] setting maxHashResizeThreads to 16
[2024-11-26 13:25:19.241] [jointLog] [info] Fragment incompatibility prior below threshold.  Incompatible fragments will be ignored.
[2024-11-26 13:25:19.241] [jointLog] [info] Usage of --validateMappings implies use of minScoreFraction. Since not explicitly specified, it is being set to 0.65
[2024-11-26 13:25:19.241] [jointLog] [info] Setting consensusSlack to selective-alignment default of 0.35.
[2024-11-26 13:25:19.241] [jointLog] [info] parsing read library format
[2024-11-26 13:25:19.241] [jointLog] [info] There is 1 library.
[2024-11-26 13:25:19.241] [jointLog] [info] Loading pufferfish index
[2024-11-26 13:25:19.241] [jointLog] [info] Loading dense pufferfish index.
[2024-11-26 13:25:19.847] [jointLog] [info] done
[2024-11-26 13:25:19.921] [jointLog] [info] Index contained 115,424 targets
[2024-11-26 13:25:19.947] [jointLog] [info] Number of decoys : 0
[2024-11-26 13:25:20.306] [jointLog] [info] Automatically detected most likely library type as IU

[2024-11-26 13:26:32.788] [jointLog] [info] Computed 631,217 rich equivalence classes for further processing
[2024-11-26 13:26:32.788] [jointLog] [info] Counted 19,472,095 total reads in the equivalence classes 
[2024-11-26 13:26:32.804] [jointLog] [info] Number of mappings discarded because of alignment score : 7,348,184
[2024-11-26 13:26:32.804] [jointLog] [info] Number of fragments entirely discarded because of alignment score : 1,185,803
[2024-11-26 13:26:32.804] [jointLog] [info] Number of fragments discarded because they are best-mapped to decoys : 0
[2024-11-26 13:26:32.804] [jointLog] [info] Number of fragments discarded because they have only dovetail (discordant) mappings to valid targets : 78,820
[2024-11-26 13:26:32.804] [jointLog] [info] Mapping rate = 92.1656%

[2024-11-26 13:26:32.804] [jointLog] [info] finished quantifyLibrary()
[2024-11-26 13:26:32.804] [jointLog] [info] Starting optimizer
[2024-11-26 13:26:32.891] [jointLog] [info] Marked 0 weighted equivalence classes as degenerate
[2024-11-26 13:26:32.905] [jointLog] [info] iteration = 0 | max rel diff. = 10298.3
[2024-11-26 13:26:32.788] [fileLog] [info] 
At end of round 0
==================
Observed 21127287 total fragments (21127287 in most recent round)

[2024-11-26 13:26:34.244] [jointLog] [info] iteration = 100 | max rel diff. = 17.4917
[2024-11-26 13:26:35.584] [jointLog] [info] iteration = 200 | max rel diff. = 1.42039
[2024-11-26 13:26:36.924] [jointLog] [info] iteration = 300 | max rel diff. = 4.84577
[2024-11-26 13:26:38.264] [jointLog] [info] iteration = 400 | max rel diff. = 0.120605
[2024-11-26 13:26:39.603] [jointLog] [info] iteration = 500 | max rel diff. = 1.14461
[2024-11-26 13:26:40.942] [jointLog] [info] iteration = 600 | max rel diff. = 1.56201
[2024-11-26 13:26:42.283] [jointLog] [info] iteration = 700 | max rel diff. = 0.235934
[2024-11-26 13:26:43.623] [jointLog] [info] iteration = 800 | max rel diff. = 0.488557
[2024-11-26 13:26:44.962] [jointLog] [info] iteration = 900 | max rel diff. = 0.0831112
[2024-11-26 13:26:46.301] [jointLog] [info] iteration = 1,000 | max rel diff. = 0.0743909
[2024-11-26 13:26:46.636] [jointLog] [info] iteration = 1,026 | max rel diff. = 0.00408182
[2024-11-26 13:26:46.642] [jointLog] [info] Finished optimizer
[2024-11-26 13:26:46.642] [jointLog] [info] writing output 

[2024-11-26 13:26:46.786] [jointLog] [warning] NOTE: Read Lib [[ reads/processed/A_9_1.qcd.fq.gz, reads/processed/A_9_2.qcd.fq.gz]] :

Detected a *potential* strand bias > 1% in an unstranded protocol check the file: quants/A_9_quant/lib_format_counts.json for details

